[?25l[?2004h [0D[2K[?2004l[?25h[?1002l[?1003l[?1006l╭────────────────────────────────────────────────────────────╮
│ GET http://localhost:15672/api/queues/%2F/pause.washington │
╰┬───────────────────────────────────────────────────────────╯
 ├─  ?  Expecting status code: 200
 ├─  ?  Expecting JSON at .message_stats.publish to be greater than 1
 ├─  ?  Expecting JSON at .message_stats.deliver_get to be greater than 1
  Response Status Code: 200
  Response Body: 
{
  "arguments": {},
  "auto_delete": true,
  "consumer_capacity": 1,
  "consumer_details": [
    {
      "ack_required": true,
      "active": true,
      "activity_status": "up",
      "arguments": {},
      "channel_details": {
        "connection_name": "172.17.0.1:45830 -\u003e 172.17.0.2:5672",
        "name": "172.17.0.1:45830 -\u003e 172.17.0.2:5672 (3)",
        "node": "rabbit@85a003d87938",
        "number": 3,
        "peer_host": "172.17.0.1",
        "peer_port": 45830,
        "user": "guest"
      },
      "consumer_tag": "ctag-/home/brent_admin/.cache/go-build/d4/d4a954a5c9ab472fdc748900de05f38a713a54fa6d1aba43cfe560147b5ca39c-d/main-1",
      "consumer_timeout": 1800000,
      "exclusive": false,
      "prefetch_count": 0,
      "queue": {
        "name": "pause.washington",
        "vhost": "/"
      }
    }
  ],
  "consumer_utilisation": 1,
  "consumers": 1,
  "deliveries": [],
  "durable": false,
  "effective_policy_definition": {},
  "exclusive": true,
  "exclusive_consumer_tag": null,
  "garbage_collection": {
    "fullsweep_after": 65535,
    "max_heap_size": 0,
    "min_bin_vheap_size": 46422,
    "min_heap_size": 233,
    "minor_gcs": 1
  },
  "head_message_timestamp": null,
  "idle_since": "2025-06-05T20:46:15.203+00:00",
  "incoming": [],
  "memory": 7288,
  "message_bytes": 0,
  "message_bytes_paged_out": 0,
  "message_bytes_persistent": 0,
  "message_bytes_ram": 0,
  "message_bytes_ready": 0,
  "message_bytes_unacknowledged": 0,
  "message_stats": {
    "ack": 2,
    "ack_details": {
      "rate": 0
    },
    "deliver": 2,
    "deliver_details": {
      "rate": 0
    },
    "deliver_get": 2,
    "deliver_get_details": {
      "rate": 0
    },
    "deliver_no_ack": 0,
    "deliver_no_ack_details": {
      "rate": 0
    },
    "get": 0,
    "get_details": {
      "rate": 0
    },
    "get_empty": 0,
    "get_empty_details": {
      "rate": 0
    },
    "get_no_ack": 0,
    "get_no_ack_details": {
      "rate": 0
    },
    "publish": 2,
    "publish_details": {
      "rate": 0
    },
    "redeliver": 0,
    "redeliver_details": {
      "rate": 0
    }
  },
  "messages": 0,
  "messages_details": {
    "rate": 0
  },
  "messages_paged_out": 0,
  "messages_persistent": 0,
  "messages_ram": 0,
  "messages_ready": 0,
  "messages_ready_details": {
    "rate": 0
  },
  "messages_ready_ram": 0,
  "messages_unacknowledged": 0,
  "messages_unacknowledged_details": {
    "rate": 0
  },
  "messages_unacknowledged_ram": 0,
  "name": "pause.washington",
  "node": "rabbit@85a003d87938",
  "operator_policy": null,
  "owner_pid_details": {
    "name": "172.17.0.1:45830 -\u003e 172.17.0.2:5672",
    "peer_host": "172.17.0.1",
    "peer_port": 45830
  },
  "policy": null,
  "recoverable_slaves": null,
  "reductions": 8132,
  "reductions_details": {
    "rate": 0
  },
  "single_active_consumer_tag": null,
  "state": "running",
  "storage_version": 1,
  "type": "classic",
  "vhost": "/"
}

